p/scene00100.jpg 1 0 0 480 864
p/scene00099.jpg 1 0 0 480 864
p/scene00098.jpg 1 0 0 480 864
p/scene00097.jpg 1 0 0 480 864
p/scene00096.jpg 1 0 0 480 864
p/scene00095.jpg 1 0 0 480 864
p/scene00094.jpg 1 0 0 480 864
p/scene00093.jpg 1 0 0 480 864
p/scene00092.jpg 1 0 0 480 864
p/scene00091.jpg 1 0 0 480 864
p/scene00090.jpg 1 0 0 480 864
p/scene00089.jpg 1 0 0 480 864
p/scene00088.jpg 1 0 0 480 864
p/scene00087.jpg 1 0 0 480 864
p/scene00086.jpg 1 0 0 480 864
p/scene00085.jpg 1 0 0 480 864
p/scene00084.jpg 1 0 0 480 864
p/scene00083.jpg 1 0 0 480 864
p/scene00082.jpg 1 0 0 480 864
p/scene00081.jpg 1 0 0 480 864
p/scene00080.jpg 1 0 0 480 864
p/scene00079.jpg 1 0 0 480 864
p/scene00078.jpg 1 0 0 480 864
p/scene00077.jpg 1 0 0 480 864
p/scene00076.jpg 1 0 0 480 864
p/scene00075.jpg 1 0 0 480 864
p/scene00074.jpg 1 0 0 480 864
p/scene00073.jpg 1 0 0 480 864
p/scene00072.jpg 1 0 0 480 864
p/scene00071.jpg 1 0 0 480 864
p/scene00070.jpg 1 0 0 480 864
p/scene00069.jpg 1 0 0 480 864
p/scene00068.jpg 1 0 0 480 864
p/scene00067.jpg 1 0 0 480 864
p/scene00066.jpg 1 0 0 480 864
p/scene00065.jpg 1 0 0 480 864
p/scene00064.jpg 1 0 0 480 864
p/scene00063.jpg 1 0 0 480 864
p/scene00062.jpg 1 0 0 480 864
p/scene00061.jpg 1 0 0 480 864
p/scene00060.jpg 1 0 0 480 864
p/scene00059.jpg 1 0 0 480 864
p/scene00058.jpg 1 0 0 480 864
p/scene00057.jpg 1 0 0 480 864
p/scene00056.jpg 1 0 0 480 864
p/scene00055.jpg 1 0 0 480 864
p/scene00054.jpg 1 0 0 480 864
p/scene00053.jpg 1 0 0 480 864
p/scene00052.jpg 1 0 0 480 864
p/scene00051.jpg 1 0 0 480 864
p/scene00050.jpg 1 0 0 480 864
p/scene00049.jpg 1 0 0 480 864
p/scene00048.jpg 1 0 0 480 864
p/scene00047.jpg 1 0 0 480 864
p/scene00046.jpg 1 0 0 480 864
p/scene00045.jpg 1 0 0 480 864
p/scene00044.jpg 1 0 0 480 864
p/scene00043.jpg 1 0 0 480 864
p/scene00042.jpg 1 0 0 480 864
p/scene00041.jpg 1 0 0 480 864
p/scene00040.jpg 1 0 0 480 864
p/scene00039.jpg 1 0 0 480 864
p/scene00038.jpg 1 0 0 480 864
p/scene00037.jpg 1 0 0 480 864
p/scene00036.jpg 1 0 0 480 864
p/scene00035.jpg 1 0 0 480 864
p/scene00034.jpg 1 0 0 480 864
p/scene00033.jpg 1 0 0 480 864
p/scene00032.jpg 1 0 0 480 864
p/scene00031.jpg 1 0 0 480 864
p/scene00030.jpg 1 0 0 480 864
p/scene00029.jpg 1 0 0 480 864
p/scene00028.jpg 1 0 0 480 864
p/scene00027.jpg 1 0 0 480 864
p/scene00026.jpg 1 0 0 480 864
p/scene00025.jpg 1 0 0 480 864
p/scene00024.jpg 1 0 0 480 864
p/scene00023.jpg 1 0 0 480 864
p/scene00022.jpg 1 0 0 480 864
p/scene00021.jpg 1 0 0 480 864
p/scene00020.jpg 1 0 0 480 864
p/scene00019.jpg 1 0 0 480 864
p/scene00018.jpg 1 0 0 480 864
p/scene00017.jpg 1 0 0 480 864
p/scene00016.jpg 1 0 0 480 864
p/scene00015.jpg 1 0 0 480 864
p/scene00014.jpg 1 0 0 480 864
p/scene00013.jpg 1 0 0 480 864
p/scene00012.jpg 1 0 0 480 864
p/scene00011.jpg 1 0 0 480 864
p/scene00010.jpg 1 0 0 480 864
p/scene00009.jpg 1 0 0 480 864
p/scene00008.jpg 1 0 0 480 864
p/scene00007.jpg 1 0 0 480 864
p/scene00006.jpg 1 0 0 480 864
p/scene00005.jpg 1 0 0 480 864
p/scene00004.jpg 1 0 0 480 864
p/scene00003.jpg 1 0 0 480 864
p/scene00002.jpg 1 0 0 480 864
p/scene00001.jpg 1 0 0 480 864
p/scene.jpg 1 0 0 480 864
p/scene.png 1 0 0 480 864